

=================== ABORT ==================
== Cum Hashes = 0
============================================


=============== BLOCK RECORD ===============
== Block Number = 1
== Block Hashes = 66228
== Block Energy = 151.439 joules
== Block Time   = 0.82335 seconds
==    Idle time = 0 seconds
==    Proc time = 0.82335 seconds
== - - - - - CUMMULATIVE SUMMARY - - - - - -
== Cum Hashes = 66228
== Cum Energy = 151.439 joules
== Cum Time   = 0.82335 seconds
==    Idle time = 0 seconds
==    Proc time = 0.82335 seconds
== Cum Performance
==    MH/j      = 0.000437324
==    MH/s      = 0.0804372
============= END BLOCK RECORD =============


=============== BLOCK RECORD ===============
== Block Number = 2
== Block Hashes = 70808
== Block Energy = 161.927 joules
== Block Time   = 0.880468 seconds
==    Idle time = 0.000179019 seconds
==    Proc time = 0.880289 seconds
== - - - - - CUMMULATIVE SUMMARY - - - - - -
== Cum Hashes = 137036
== Cum Energy = 313.366 joules
== Cum Time   = 1.70382 seconds
==    Idle time = 0.000179019 seconds
==    Proc time = 1.70364 seconds
== Cum Performance
==    MH/j      = 0.000437303
==    MH/s      = 0.0804287
============= END BLOCK RECORD =============


=============== BLOCK RECORD ===============
== Block Number = 3
== Block Hashes = 93957
== Block Energy = 214.87 joules
== Block Time   = 1.16838 seconds
==    Idle time = 0.000299014 seconds
==    Proc time = 1.16808 seconds
== - - - - - CUMMULATIVE SUMMARY - - - - - -
== Cum Hashes = 230993
== Cum Energy = 528.236 joules
== Cum Time   = 2.8722 seconds
==    Idle time = 0.000478033 seconds
==    Proc time = 2.87172 seconds
== Cum Performance
==    MH/j      = 0.000437291
==    MH/s      = 0.0804238
============= END BLOCK RECORD =============


=============== BLOCK RECORD ===============
== Block Number = 4
== Block Hashes = 62450
== Block Energy = 142.813 joules
== Block Time   = 0.776538 seconds
==    Idle time = 0.000156343 seconds
==    Proc time = 0.776382 seconds
== - - - - - CUMMULATIVE SUMMARY - - - - - -
== Cum Hashes = 293443
== Cum Energy = 671.05 joules
== Cum Time   = 3.64874 seconds
==    Idle time = 0.000634376 seconds
==    Proc time = 3.6481 seconds
== Cum Performance
==    MH/j      = 0.00043729
==    MH/s      = 0.0804232
============= END BLOCK RECORD =============


=============== BLOCK RECORD ===============
== Block Number = 5
== Block Hashes = 1328
== Block Energy = 3.04408 joules
== Block Time   = 0.0165983 seconds
==    Idle time = 8.85141e-05 seconds
==    Proc time = 0.0165098 seconds
== - - - - - CUMMULATIVE SUMMARY - - - - - -
== Cum Hashes = 294771
== Cum Energy = 674.094 joules
== Cum Time   = 3.66533 seconds
==    Idle time = 0.00072289 seconds
==    Proc time = 3.66461 seconds
== Cum Performance
==    MH/j      = 0.000437285
==    MH/s      = 0.0804213
============= END BLOCK RECORD =============


=============== BLOCK RECORD ===============
== Block Number = 6
== Block Hashes = 6257
== Block Energy = 14.3536 joules
== Block Time   = 0.0783364 seconds
==    Idle time = 0.000549049 seconds
==    Proc time = 0.0777874 seconds
== - - - - - CUMMULATIVE SUMMARY - - - - - -
== Cum Hashes = 301028
== Cum Energy = 688.447 joules
== Cum Time   = 3.74367 seconds
==    Idle time = 0.00127194 seconds
==    Proc time = 3.7424 seconds
== Cum Performance
==    MH/j      = 0.000437256
==    MH/s      = 0.0804099
============= END BLOCK RECORD =============


=============== BLOCK RECORD ===============
== Block Number = 7
== Block Hashes = 6386
== Block Energy = 14.6401 joules
== Block Time   = 0.079839 seconds
==    Idle time = 0.000447901 seconds
==    Proc time = 0.0793911 seconds
== - - - - - CUMMULATIVE SUMMARY - - - - - -
== Cum Hashes = 307414
== Cum Energy = 703.087 joules
== Cum Time   = 3.82351 seconds
==    Idle time = 0.00171984 seconds
==    Proc time = 3.82179 seconds
== Cum Performance
==    MH/j      = 0.000437234
==    MH/s      = 0.080401
============= END BLOCK RECORD =============


=============== BLOCK RECORD ===============
== Block Number = 8
== Block Hashes = 3727
== Block Energy = 8.52401 joules
== Block Time   = 0.0463549 seconds
==    Idle time = 2.06365e-05 seconds
==    Proc time = 0.0463343 seconds
== - - - - - CUMMULATIVE SUMMARY - - - - - -
== Cum Hashes = 311141
== Cum Energy = 711.611 joules
== Cum Time   = 3.86986 seconds
==    Idle time = 0.00174048 seconds
==    Proc time = 3.86812 seconds
== Cum Performance
==    MH/j      = 0.000437234
==    MH/s      = 0.080401
============= END BLOCK RECORD =============


=============== BLOCK RECORD ===============
== Block Number = 9
== Block Hashes = 92522
== Block Energy = 211.575 joules
== Block Time   = 1.15038 seconds
==    Idle time = 0.000136304 seconds
==    Proc time = 1.15024 seconds
== - - - - - CUMMULATIVE SUMMARY - - - - - -
== Cum Hashes = 403663
== Cum Energy = 923.187 joules
== Cum Time   = 5.02024 seconds
==    Idle time = 0.00187678 seconds
==    Proc time = 5.01836 seconds
== Cum Performance
==    MH/j      = 0.00043725
==    MH/s      = 0.0804071
============= END BLOCK RECORD =============
