

=================== ABORT ==================
== Cum Hashes = 0
============================================


=============== BLOCK RECORD ===============
== Block Number = 1
== Block Hashes = 66228
== Block Energy = 164.945 joules
== Block Time   = 9.70677 seconds
==    Idle time = 0 seconds
==    Proc time = 9.70677 seconds
== - - - - - CUMMULATIVE SUMMARY - - - - - -
== Cum Hashes = 66228
== Cum Energy = 164.945 joules
== Cum Time   = 9.70677 seconds
==    Idle time = 0 seconds
==    Proc time = 9.70677 seconds
== Cum Performance
==    MH/j      = 0.000401515
==    MH/s      = 0.00682287
============= END BLOCK RECORD =============


=============== BLOCK RECORD ===============
== Block Number = 2
== Block Hashes = 70808
== Block Energy = 176.397 joules
== Block Time   = 10.3845 seconds
==    Idle time = 0.00641243 seconds
==    Proc time = 10.378 seconds
== - - - - - CUMMULATIVE SUMMARY - - - - - -
== Cum Hashes = 137036
== Cum Energy = 341.342 joules
== Cum Time   = 20.0912 seconds
==    Idle time = 0.00641243 seconds
==    Proc time = 20.0848 seconds
== Cum Performance
==    MH/j      = 0.000401462
==    MH/s      = 0.00682069
============= END BLOCK RECORD =============


=============== BLOCK RECORD ===============
== Block Number = 3
== Block Hashes = 93957
== Block Energy = 234.019 joules
== Block Time   = 13.7727 seconds
==    Idle time = 0.00180731 seconds
==    Proc time = 13.7709 seconds
== - - - - - CUMMULATIVE SUMMARY - - - - - -
== Cum Hashes = 230993
== Cum Energy = 575.361 joules
== Cum Time   = 33.8639 seconds
==    Idle time = 0.00821974 seconds
==    Proc time = 33.8557 seconds
== Cum Performance
==    MH/j      = 0.000401475
==    MH/s      = 0.00682121
============= END BLOCK RECORD =============


=============== BLOCK RECORD ===============
== Block Number = 4
== Block Hashes = 62450
== Block Energy = 155.566 joules
== Block Time   = 9.15734 seconds
==    Idle time = 0.00430233 seconds
==    Proc time = 9.15304 seconds
== - - - - - CUMMULATIVE SUMMARY - - - - - -
== Cum Hashes = 293443
== Cum Energy = 730.927 joules
== Cum Time   = 43.0213 seconds
==    Idle time = 0.0125221 seconds
==    Proc time = 43.0087 seconds
== Cum Performance
==    MH/j      = 0.000401467
==    MH/s      = 0.00682088
============= END BLOCK RECORD =============


=============== BLOCK RECORD ===============
== Block Number = 5
== Block Hashes = 1328
== Block Energy = 3.32146 joules
== Block Time   = 0.196638 seconds
==    Idle time = 0.00199883 seconds
==    Proc time = 0.19464 seconds
== - - - - - CUMMULATIVE SUMMARY - - - - - -
== Cum Hashes = 294771
== Cum Energy = 734.248 joules
== Cum Time   = 43.2179 seconds
==    Idle time = 0.0145209 seconds
==    Proc time = 43.2034 seconds
== Cum Performance
==    MH/j      = 0.00040146
==    MH/s      = 0.00682058
============= END BLOCK RECORD =============


=============== BLOCK RECORD ===============
== Block Number = 6
== Block Hashes = 6257
== Block Energy = 15.6318 joules
== Block Time   = 0.923974 seconds
==    Idle time = 0.00691088 seconds
==    Proc time = 0.917063 seconds
== - - - - - CUMMULATIVE SUMMARY - - - - - -
== Cum Hashes = 301028
== Cum Energy = 749.88 joules
== Cum Time   = 44.1419 seconds
==    Idle time = 0.0214318 seconds
==    Proc time = 44.1204 seconds
== Cum Performance
==    MH/j      = 0.000401435
==    MH/s      = 0.00681956
============= END BLOCK RECORD =============


=============== BLOCK RECORD ===============
== Block Number = 7
== Block Hashes = 6386
== Block Energy = 15.9427 joules
== Block Time   = 0.941388 seconds
==    Idle time = 0.00541783 seconds
==    Proc time = 0.93597 seconds
== - - - - - CUMMULATIVE SUMMARY - - - - - -
== Cum Hashes = 307414
== Cum Energy = 765.823 joules
== Cum Time   = 45.0833 seconds
==    Idle time = 0.0268496 seconds
==    Proc time = 45.0564 seconds
== Cum Performance
==    MH/j      = 0.000401417
==    MH/s      = 0.00681881
============= END BLOCK RECORD =============


=============== BLOCK RECORD ===============
== Block Number = 8
== Block Hashes = 3727
== Block Energy = 9.29644 joules
== Block Time   = 0.548266 seconds
==    Idle time = 0.00201471 seconds
==    Proc time = 0.546251 seconds
== - - - - - CUMMULATIVE SUMMARY - - - - - -
== Cum Hashes = 311141
== Cum Energy = 775.119 joules
== Cum Time   = 45.6315 seconds
==    Idle time = 0.0288643 seconds
==    Proc time = 45.6027 seconds
== Cum Performance
==    MH/j      = 0.000401411
==    MH/s      = 0.00681855
============= END BLOCK RECORD =============


=============== BLOCK RECORD ===============
== Block Number = 9
== Block Hashes = 92522
== Block Energy = 230.461 joules
== Block Time   = 13.5647 seconds
==    Idle time = 0.00413651 seconds
==    Proc time = 13.5606 seconds
== - - - - - CUMMULATIVE SUMMARY - - - - - -
== Cum Hashes = 403663
== Cum Energy = 1005.58 joules
== Cum Time   = 59.1962 seconds
==    Idle time = 0.0330008 seconds
==    Proc time = 59.1632 seconds
== Cum Performance
==    MH/j      = 0.000401423
==    MH/s      = 0.00681907
============= END BLOCK RECORD =============
